2012/04/19 12:49:29 [error] [exception.CDbException] SQLSTATE[42000] [1049] Unknown database 'blog'
2012/04/19 12:49:30 [error] [exception.CDbException] exception 'CDbException' with message 'CDbConnection failed to open the DB connection.' in D:\inetpub\htdocs\test-task\yii\framework\db\CDbConnection.php:388
Stack trace:
#0 D:\inetpub\htdocs\test-task\yii\framework\db\CDbConnection.php(331): CDbConnection->open()
#1 D:\inetpub\htdocs\test-task\yii\framework\db\CDbConnection.php(309): CDbConnection->setActive(true)
#2 D:\inetpub\htdocs\test-task\yii\framework\base\CModule.php(388): CDbConnection->init()
#3 D:\inetpub\htdocs\test-task\yii\framework\base\CApplication.php(431): CModule->getComponent('db')
#4 D:\inetpub\htdocs\test-task\yii\framework\db\ar\CActiveRecord.php(615): CApplication->getDb()
#5 D:\inetpub\htdocs\test-task\yii\framework\db\ar\CActiveRecord.php(2263): CActiveRecord->getDbConnection()
#6 D:\inetpub\htdocs\test-task\yii\framework\db\ar\CActiveRecord.php(379): CActiveRecordMetaData->__construct(Object(Post))
#7 D:\inetpub\htdocs\test-task\yii\framework\web\CActiveDataProvider.php(75): CActiveRecord::model('Post')
#8 D:\inetpub\htdocs\test-task\yii\demos\blog\protected\controllers\PostController.php(132): CActiveDataProvider->__construct('Post', Array)
#9 D:\inetpub\htdocs\test-task\yii\framework\web\actions\CInlineAction.php(50): PostController->actionIndex()
#10 D:\inetpub\htdocs\test-task\yii\framework\web\CController.php(309): CInlineAction->runWithParams(Array)
#11 D:\inetpub\htdocs\test-task\yii\framework\web\filters\CFilterChain.php(134): CController->runAction(Object(CInlineAction))
#12 D:\inetpub\htdocs\test-task\yii\framework\web\filters\CFilter.php(41): CFilterChain->run()
#13 D:\inetpub\htdocs\test-task\yii\framework\web\CController.php(1146): CFilter->filter(Object(CFilterChain))
#14 D:\inetpub\htdocs\test-task\yii\framework\web\filters\CInlineFilter.php(59): CController->filterAccessControl(Object(CFilterChain))
#15 D:\inetpub\htdocs\test-task\yii\framework\web\filters\CFilterChain.php(131): CInlineFilter->filter(Object(CFilterChain))
#16 D:\inetpub\htdocs\test-task\yii\framework\web\CController.php(292): CFilterChain->run()
#17 D:\inetpub\htdocs\test-task\yii\framework\web\CController.php(266): CController->runActionWithFilters(Object(CInlineAction), Array)
#18 D:\inetpub\htdocs\test-task\yii\framework\web\CWebApplication.php(276): CController->run('index')
#19 D:\inetpub\htdocs\test-task\yii\framework\web\CWebApplication.php(135): CWebApplication->runController('post/index')
#20 D:\inetpub\htdocs\test-task\yii\framework\base\CApplication.php(162): CWebApplication->processRequest()
#21 D:\inetpub\htdocs\test-task\yii\demos\blog\index.php(11): CApplication->run()
#22 {main}
REQUEST_URI=/test-task/yii/demos/blog/index.php/post/index
---
2012/09/30 11:58:44 [error] [exception.CDbException] SQLSTATE[42000] [1049] Unknown database 'idntesttask'
2012/09/30 11:58:45 [error] [exception.CDbException] exception 'CDbException' with message 'CDbConnection failed to open the DB connection.' in X:\home\test.com\www\framework\db\CDbConnection.php:388
Stack trace:
#0 X:\home\test.com\www\framework\db\CDbConnection.php(331): CDbConnection->open()
#1 X:\home\test.com\www\framework\db\CDbConnection.php(309): CDbConnection->setActive(true)
#2 X:\home\test.com\www\framework\base\CModule.php(388): CDbConnection->init()
#3 X:\home\test.com\www\framework\base\CApplication.php(431): CModule->getComponent('db')
#4 X:\home\test.com\www\framework\db\ar\CActiveRecord.php(624): CApplication->getDb()
#5 X:\home\test.com\www\framework\db\ar\CActiveRecord.php(2311): CActiveRecord->getDbConnection()
#6 X:\home\test.com\www\framework\db\ar\CActiveRecord.php(388): CActiveRecordMetaData->__construct(Object(Post))
#7 X:\home\test.com\www\framework\web\CActiveDataProvider.php(75): CActiveRecord::model('Post')
#8 X:\home\test.com\www\protected\controllers\PostController.php(132): CActiveDataProvider->__construct('Post', Array)
#9 X:\home\test.com\www\framework\web\actions\CInlineAction.php(50): PostController->actionIndex()
#10 X:\home\test.com\www\framework\web\CController.php(309): CInlineAction->runWithParams(Array)
#11 X:\home\test.com\www\framework\web\filters\CFilterChain.php(134): CController->runAction(Object(CInlineAction))
#12 X:\home\test.com\www\framework\web\filters\CFilter.php(41): CFilterChain->run()
#13 X:\home\test.com\www\framework\web\CController.php(1146): CFilter->filter(Object(CFilterChain))
#14 X:\home\test.com\www\framework\web\filters\CInlineFilter.php(59): CController->filterAccessControl(Object(CFilterChain))
#15 X:\home\test.com\www\framework\web\filters\CFilterChain.php(131): CInlineFilter->filter(Object(CFilterChain))
#16 X:\home\test.com\www\framework\web\CController.php(292): CFilterChain->run()
#17 X:\home\test.com\www\framework\web\CController.php(266): CController->runActionWithFilters(Object(CInlineAction), Array)
#18 X:\home\test.com\www\framework\web\CWebApplication.php(283): CController->run('')
#19 X:\home\test.com\www\framework\web\CWebApplication.php(142): CWebApplication->runController('')
#20 X:\home\test.com\www\framework\base\CApplication.php(162): CWebApplication->processRequest()
#21 X:\home\test.com\www\index.php(11): CApplication->run()
#22 {main}
REQUEST_URI=/
---
2012/09/30 11:58:47 [error] [exception.CDbException] SQLSTATE[42000] [1049] Unknown database 'idntesttask'
2012/09/30 11:58:47 [error] [exception.CDbException] exception 'CDbException' with message 'CDbConnection failed to open the DB connection.' in X:\home\test.com\www\framework\db\CDbConnection.php:388
Stack trace:
#0 X:\home\test.com\www\framework\db\CDbConnection.php(331): CDbConnection->open()
#1 X:\home\test.com\www\framework\db\CDbConnection.php(309): CDbConnection->setActive(true)
#2 X:\home\test.com\www\framework\base\CModule.php(388): CDbConnection->init()
#3 X:\home\test.com\www\framework\base\CApplication.php(431): CModule->getComponent('db')
#4 X:\home\test.com\www\framework\db\ar\CActiveRecord.php(624): CApplication->getDb()
#5 X:\home\test.com\www\framework\db\ar\CActiveRecord.php(2311): CActiveRecord->getDbConnection()
#6 X:\home\test.com\www\framework\db\ar\CActiveRecord.php(388): CActiveRecordMetaData->__construct(Object(Post))
#7 X:\home\test.com\www\framework\web\CActiveDataProvider.php(75): CActiveRecord::model('Post')
#8 X:\home\test.com\www\protected\controllers\PostController.php(132): CActiveDataProvider->__construct('Post', Array)
#9 X:\home\test.com\www\framework\web\actions\CInlineAction.php(50): PostController->actionIndex()
#10 X:\home\test.com\www\framework\web\CController.php(309): CInlineAction->runWithParams(Array)
#11 X:\home\test.com\www\framework\web\filters\CFilterChain.php(134): CController->runAction(Object(CInlineAction))
#12 X:\home\test.com\www\framework\web\filters\CFilter.php(41): CFilterChain->run()
#13 X:\home\test.com\www\framework\web\CController.php(1146): CFilter->filter(Object(CFilterChain))
#14 X:\home\test.com\www\framework\web\filters\CInlineFilter.php(59): CController->filterAccessControl(Object(CFilterChain))
#15 X:\home\test.com\www\framework\web\filters\CFilterChain.php(131): CInlineFilter->filter(Object(CFilterChain))
#16 X:\home\test.com\www\framework\web\CController.php(292): CFilterChain->run()
#17 X:\home\test.com\www\framework\web\CController.php(266): CController->runActionWithFilters(Object(CInlineAction), Array)
#18 X:\home\test.com\www\framework\web\CWebApplication.php(283): CController->run('index')
#19 X:\home\test.com\www\framework\web\CWebApplication.php(142): CWebApplication->runController('post/index')
#20 X:\home\test.com\www\framework\base\CApplication.php(162): CWebApplication->processRequest()
#21 X:\home\test.com\www\index.php(11): CApplication->run()
#22 {main}
REQUEST_URI=/index.php/post/index
HTTP_REFERER=http://test.com/
---
